<?xml version="1.0" encoding="UTF-8"?>
<!-- Generated by org.testng.reporters.JUnitReportReporter -->
<testsuite hostname="Eunjungs-Air.hsd1.ga.comcast.net" failures="0" tests="2" name="com.qa.tests.MavenTest2" time="0.043" errors="0" timestamp="6 Dec 2018 20:23:01 GMT">
  <testcase classname="com.qa.tests.MavenTest2" name="sum" time="0.010"/>
  <testcase classname="com.qa.tests.MavenTest2" name="sub" time="0.033"/>
</testsuite> <!-- com.qa.tests.MavenTest2 -->
