<?xml version="1.0" encoding="UTF-8"?>
<!-- Generated by org.testng.reporters.JUnitReportReporter -->
<testsuite hostname="Eunjungs-Air.hsd1.ga.comcast.net" failures="0" tests="2" name="com.qa.tests.MavenTest2" time="0.001" errors="0" timestamp="4 Dec 2018 22:16:19 GMT">
  <testcase classname="com.qa.tests.MavenTest2" name="sub" time="0.000"/>
  <testcase classname="com.qa.tests.MavenTest2" name="sum" time="0.001"/>
</testsuite> <!-- com.qa.tests.MavenTest2 -->
